#
# A fatal error has been detected by the Java Runtime Environment:
#
#  EXCEPTION_ACCESS_VIOLATION (0xc0000005) at pc=0x000000005c367acd, pid=15404, tid=0x0000000000003e14
#
# JRE version: Java(TM) SE Runtime Environment (8.0_181-b13) (build 1.8.0_181-b13)
# Java VM: Java HotSpot(TM) 64-Bit Server VM (25.181-b13 mixed mode windows-amd64 compressed oops)
# Problematic frame:
# V  [jvm.dll+0xf7acd]
#
# Failed to write core dump. Minidumps are not enabled by default on client versions of Windows
#
# If you would like to submit a bug report, please visit:
#   http://bugreport.java.com/bugreport/crash.jsp
#

---------------  T H R E A D  ---------------

Current thread (0x0000000014cc7800):  VMThread [stack: 0x0000000015c40000,0x0000000015d40000] [id=15892]

siginfo: ExceptionCode=0xc0000005, reading address 0x0000000000000010

Registers:
RAX=0x00000000000000ff, RBX=0x000000000000e4d0, RCX=0x0000000000000000, RDX=0x0000000018136a90
RSP=0x0000000015d3f250, RBP=0x0000000015d3f380, RSI=0x000000000000ffff, RDI=0x0000000018135bc0
R8 =0x0000000001100370, R9 =0x0000000000000003, R10=0x0000000000000003, R11=0x0000000018136141
R12=0x0000000015d3f410, R13=0x0000000015d3f400, R14=0x0000000000000000, R15=0x0000000000000001
RIP=0x000000005c367acd, EFLAGS=0x0000000000010202

Top of Stack: (sp=0x0000000015d3f250)
0x0000000015d3f250:   00000000000000b4 0000000015d3f380
0x0000000015d3f260:   00000000000000b4 0000000015d3f420
0x0000000015d3f270:   0000000000000002 000000005c444fe0
0x0000000015d3f280:   0000000000000000 00000000000000b4
0x0000000015d3f290:   0000000000000000 0000000018ab6100
0x0000000015d3f2a0:   0000000003b63178 0000000003b62bf8
0x0000000015d3f2b0:   0000000003b62c80 000000005c57068e
0x0000000015d3f2c0:   0000000003b63177 000000000000000a
0x0000000015d3f2d0:   0000000003b62bee 00007ffade010000
0x0000000015d3f2e0:   0000000003b62c80 000000005c30198d
0x0000000015d3f2f0:   0000a91b35f62d5a 0000000003b62c80
0x0000000015d3f300:   0000000000018360 0000000018abb250
0x0000000015d3f310:   00000000034561a0 000000005c3020b4
0x0000000015d3f320:   0000000014cc6ca0 000000005c30fbce
0x0000000015d3f330:   0000000018abe0e8 0000000000000000
0x0000000015d3f340:   0000000018ab6100 000000005c30fd8b 

Instructions: (pc=0x000000005c367acd)
0x000000005c367aad:   0f b7 d8 48 63 c3 0f b7 44 c7 50 48 8b 44 c7 50
0x000000005c367abd:   48 89 44 24 30 f6 d0 48 8b 4c 24 30 a8 01 74 0f
0x000000005c367acd:   48 8b 41 10 48 8b 5c 24 38 48 83 c4 20 5f c3 48
0x000000005c367add:   8b 5c 24 38 48 83 e1 fe 48 8b c1 48 83 c4 20 5f 


Register to memory mapping:

RAX=0x00000000000000ff is an unknown value
RBX=0x000000000000e4d0 is an unknown value
RCX=0x0000000000000000 is an unknown value
RDX=0x0000000018136a90 is pointing into metadata
RSP=0x0000000015d3f250 is an unknown value
RBP=0x0000000015d3f380 is an unknown value
RSI=0x000000000000ffff is an unknown value
RDI=0x0000000018135bc0 is pointing into metadata
R8 =0x0000000001100370 is an unknown value
R9 =0x0000000000000003 is an unknown value
R10=0x0000000000000003 is an unknown value
R11=0x0000000018136141 is pointing into metadata
R12=0x0000000015d3f410 is an unknown value
R13=0x0000000015d3f400 is an unknown value
R14=0x0000000000000000 is an unknown value
R15=0x0000000000000001 is an unknown value


Stack: [0x0000000015c40000,0x0000000015d40000],  sp=0x0000000015d3f250,  free space=1020k
Native frames: (J=compiled Java code, j=interpreted, Vv=VM code, C=native code)
V  [jvm.dll+0xf7acd]
V  [jvm.dll+0x1d4fe0]
V  [jvm.dll+0x1d5f32]
V  [jvm.dll+0x1c38f4]
V  [jvm.dll+0x1c8a87]
V  [jvm.dll+0x1c8ffb]
V  [jvm.dll+0x24cc27]
V  [jvm.dll+0x24bec6]
V  [jvm.dll+0x24c361]
V  [jvm.dll+0x24c57e]
V  [jvm.dll+0x29e64a]
C  [msvcr100.dll+0x21d9f]
C  [msvcr100.dll+0x21e3b]
C  [KERNEL32.DLL+0x13034]
C  [ntdll.dll+0x73691]

VM_Operation (0x000000001666f200): RedefineClasses, mode: safepoint, requested by thread 0x0000000014d05800, redefining class com.cva.controllers.FileDownloadController



---------------  P R O C E S S  ---------------

Java Threads: ( => current thread )
  0x000000001954b800 JavaThread "JMX server connection timeout 49" daemon [_thread_blocked, id=7452, stack(0x0000000020080000,0x0000000020180000)]
  0x000000001954a800 JavaThread "RMI Scheduler(0)" daemon [_thread_blocked, id=16292, stack(0x000000001ff80000,0x0000000020080000)]
  0x0000000019548800 JavaThread "RMI TCP Connection(1)-127.0.0.1" daemon [_thread_in_native, id=5656, stack(0x000000001fe80000,0x000000001ff80000)]
  0x000000001954d000 JavaThread "DestroyJavaVM" [_thread_blocked, id=16316, stack(0x0000000000e90000,0x0000000000f90000)]
  0x0000000019543000 JavaThread "http-nio-8080-AsyncTimeout" daemon [_thread_blocked, id=3296, stack(0x000000001c280000,0x000000001c380000)]
  0x000000001954a000 JavaThread "http-nio-8080-Acceptor-0" daemon [_thread_in_native, id=6828, stack(0x000000001c180000,0x000000001c280000)]
  0x0000000019545800 JavaThread "http-nio-8080-ClientPoller-1" daemon [_thread_in_native, id=15484, stack(0x000000001c080000,0x000000001c180000)]
  0x0000000019542800 JavaThread "http-nio-8080-ClientPoller-0" daemon [_thread_in_native, id=13736, stack(0x000000001bf80000,0x000000001c080000)]
  0x0000000019544800 JavaThread "http-nio-8080-exec-10" daemon [_thread_blocked, id=11080, stack(0x000000001be80000,0x000000001bf80000)]
  0x0000000019549000 JavaThread "http-nio-8080-exec-9" daemon [_thread_blocked, id=15544, stack(0x000000001bd80000,0x000000001be80000)]
  0x0000000019544000 JavaThread "http-nio-8080-exec-8" daemon [_thread_blocked, id=7568, stack(0x000000001bc80000,0x000000001bd80000)]
  0x000000001888f000 JavaThread "http-nio-8080-exec-7" daemon [_thread_blocked, id=6596, stack(0x000000001bb80000,0x000000001bc80000)]
  0x0000000018889800 JavaThread "http-nio-8080-exec-6" daemon [_thread_blocked, id=9936, stack(0x000000001ba80000,0x000000001bb80000)]
  0x000000001888c800 JavaThread "http-nio-8080-exec-5" daemon [_thread_blocked, id=9872, stack(0x000000001b980000,0x000000001ba80000)]
  0x000000001888b000 JavaThread "http-nio-8080-exec-4" daemon [_thread_blocked, id=12820, stack(0x000000001b880000,0x000000001b980000)]
  0x000000001888d800 JavaThread "http-nio-8080-exec-3" daemon [_thread_blocked, id=14520, stack(0x000000001b780000,0x000000001b880000)]
  0x000000001888e000 JavaThread "http-nio-8080-exec-2" daemon [_thread_blocked, id=3084, stack(0x000000001b680000,0x000000001b780000)]
  0x0000000018889000 JavaThread "http-nio-8080-exec-1" daemon [_thread_blocked, id=16516, stack(0x000000001b580000,0x000000001b680000)]
  0x000000001888c000 JavaThread "NioBlockingSelector.BlockPoller-1" daemon [_thread_in_native, id=16128, stack(0x000000001b480000,0x000000001b580000)]
  0x000000001888a800 JavaThread "Live Reload Server" daemon [_thread_in_native, id=6436, stack(0x000000001b380000,0x000000001b480000)]
  0x000000001888f800 JavaThread "File Watcher" daemon [_thread_blocked, id=13372, stack(0x000000001b180000,0x000000001b280000)]
  0x000000001734a000 JavaThread "Tomcat JDBC Pool Cleaner[414493378:1547142220024]" daemon [_thread_blocked, id=10396, stack(0x000000001a580000,0x000000001a680000)]
  0x000000001930e800 JavaThread "container-0" [_thread_blocked, id=10152, stack(0x000000001a480000,0x000000001a580000)]
  0x000000001930b800 JavaThread "ContainerBackgroundProcessor[StandardEngine[Tomcat]]" daemon [_thread_blocked, id=14196, stack(0x000000001a380000,0x000000001a480000)]
  0x0000000017331000 JavaThread "RMI TCP Accept-0" daemon [_thread_in_native, id=10432, stack(0x0000000017a70000,0x0000000017b70000)]
  0x0000000017325800 JavaThread "RMI TCP Accept-54821" daemon [_thread_in_native, id=8264, stack(0x0000000017970000,0x0000000017a70000)]
  0x0000000017314000 JavaThread "RMI TCP Accept-0" daemon [_thread_in_native, id=7204, stack(0x0000000017870000,0x0000000017970000)]
  0x00000000169a1000 JavaThread "Service Thread" daemon [_thread_blocked, id=17240, stack(0x0000000016f70000,0x0000000017070000)]
  0x0000000014d5e000 JavaThread "C1 CompilerThread2" daemon [_thread_blocked, id=9200, stack(0x0000000016e70000,0x0000000016f70000)]
  0x0000000014d5b800 JavaThread "C2 CompilerThread1" daemon [_thread_blocked, id=12408, stack(0x0000000016d70000,0x0000000016e70000)]
  0x0000000014d29800 JavaThread "C2 CompilerThread0" daemon [_thread_blocked, id=528, stack(0x0000000016870000,0x0000000016970000)]
  0x0000000014d1d800 JavaThread "JDWP Command Reader" daemon [_thread_in_native, id=13672, stack(0x0000000016770000,0x0000000016870000)]
  0x0000000014d1a000 JavaThread "JDWP Event Helper Thread" daemon [_thread_blocked, id=8764, stack(0x0000000016670000,0x0000000016770000)]
  0x0000000014d05800 JavaThread "JDWP Transport Listener: dt_socket" daemon [_thread_blocked, id=6972, stack(0x0000000016570000,0x0000000016670000)]
  0x0000000014d10000 JavaThread "Attach Listener" daemon [_thread_blocked, id=7708, stack(0x0000000016130000,0x0000000016230000)]
  0x0000000014d0d000 JavaThread "Signal Dispatcher" daemon [_thread_blocked, id=10900, stack(0x0000000016030000,0x0000000016130000)]
  0x0000000014cf0000 JavaThread "Finalizer" daemon [_thread_blocked, id=12952, stack(0x0000000015e40000,0x0000000015f40000)]
  0x0000000001106000 JavaThread "Reference Handler" daemon [_thread_blocked, id=15616, stack(0x0000000015d40000,0x0000000015e40000)]

Other Threads:
=>0x0000000014cc7800 VMThread [stack: 0x0000000015c40000,0x0000000015d40000] [id=15892]
  0x0000000017335000 WatcherThread [stack: 0x0000000017b70000,0x0000000017c70000] [id=17224]

VM state:at safepoint (normal execution)

VM Mutex/Monitor currently owned by a thread:  ([mutex/lock_event])
[0x0000000001013050] Threads_lock - owner thread: 0x0000000014cc7800

Heap:
 PSYoungGen      total 258560K, used 87681K [0x00000000eb200000, 0x00000000fc280000, 0x0000000100000000)
  eden space 244736K, 31% used [0x00000000eb200000,0x00000000efd04d68,0x00000000fa100000)
  from space 13824K, 78% used [0x00000000faf80000,0x00000000fba1b6c8,0x00000000fbd00000)
  to   space 14848K, 0% used [0x00000000fa100000,0x00000000fa100000,0x00000000faf80000)
 ParOldGen       total 57344K, used 21027K [0x00000000c1600000, 0x00000000c4e00000, 0x00000000eb200000)
  object space 57344K, 36% used [0x00000000c1600000,0x00000000c2a88c80,0x00000000c4e00000)
 Metaspace       used 43004K, capacity 43520K, committed 43992K, reserved 1087488K
  class space    used 5655K, capacity 5793K, committed 5888K, reserved 1048576K

Card table byte_map: [0x00000000014d0000,0x00000000016d0000] byte_map_base: 0x0000000000ec5000

Marking Bits: (ParMarkBitMap*) 0x000000005ca92d00
 Begin Bits: [0x0000000012410000, 0x00000000133b8000)
 End Bits:   [0x00000000133b8000, 0x0000000014360000)

Polling page: 0x0000000000e30000

CodeCache: size=245760Kb used=7530Kb max_used=7530Kb free=238229Kb
 bounds [0x0000000003410000, 0x0000000003b70000, 0x0000000012410000]
 total_blobs=3804 nmethods=3302 adapters=421
 compilation: enabled

Compilation events (10 events):
Event: 23.686 Thread 0x0000000014d5e000 3345   !   1       com.sun.proxy.$Proxy11::annotationType (29 bytes)
Event: 23.687 Thread 0x0000000014d5e000 nmethod 3345 0x0000000003b61490 code [0x0000000003b61620, 0x0000000003b61898]
Event: 23.687 Thread 0x0000000014d5e000 3346   !   1       com.sun.proxy.$Proxy14::annotationType (29 bytes)
Event: 23.687 Thread 0x0000000014d5e000 nmethod 3346 0x0000000003b61a10 code [0x0000000003b61ba0, 0x0000000003b61e18]
Event: 23.687 Thread 0x0000000014d5e000 3347   !   1       com.sun.proxy.$Proxy17::annotationType (29 bytes)
Event: 23.687 Thread 0x0000000014d5e000 nmethod 3347 0x0000000003b61f90 code [0x0000000003b62120, 0x0000000003b62398]
Event: 23.687 Thread 0x0000000014d5e000 3348   !   1       com.sun.proxy.$Proxy10::annotationType (29 bytes)
Event: 23.687 Thread 0x0000000014d5e000 nmethod 3348 0x0000000003b62510 code [0x0000000003b626a0, 0x0000000003b62918]
Event: 23.692 Thread 0x0000000014d5e000 3349       1       org.springframework.util.ConcurrentReferenceHashMap::<init> (152 bytes)
Event: 23.693 Thread 0x0000000014d5e000 nmethod 3349 0x0000000003b62a90 code [0x0000000003b62c80, 0x0000000003b63398]

GC Heap History (10 events):
Event: 5.373 GC heap before
{Heap before GC invocations=10 (full 1):
 PSYoungGen      total 137728K, used 130048K [0x00000000eb200000, 0x00000000f4000000, 0x0000000100000000)
  eden space 130048K, 100% used [0x00000000eb200000,0x00000000f3100000,0x00000000f3100000)
  from space 7680K, 0% used [0x00000000f3880000,0x00000000f3880000,0x00000000f4000000)
  to   space 7680K, 0% used [0x00000000f3100000,0x00000000f3100000,0x00000000f3880000)
 ParOldGen       total 34304K, used 8366K [0x00000000c1600000, 0x00000000c3780000, 0x00000000eb200000)
  object space 34304K, 24% used [0x00000000c1600000,0x00000000c1e2bac8,0x00000000c3780000)
 Metaspace       used 25282K, capacity 25678K, committed 25984K, reserved 1071104K
  class space    used 3248K, capacity 3344K, committed 3456K, reserved 1048576K
Event: 5.387 GC heap after
Heap after GC invocations=10 (full 1):
 PSYoungGen      total 137728K, used 7669K [0x00000000eb200000, 0x00000000f7580000, 0x0000000100000000)
  eden space 130048K, 0% used [0x00000000eb200000,0x00000000eb200000,0x00000000f3100000)
  from space 7680K, 99% used [0x00000000f3100000,0x00000000f387d5a8,0x00000000f3880000)
  to   space 9728K, 0% used [0x00000000f6c00000,0x00000000f6c00000,0x00000000f7580000)
 ParOldGen       total 34304K, used 11475K [0x00000000c1600000, 0x00000000c3780000, 0x00000000eb200000)
  object space 34304K, 33% used [0x00000000c1600000,0x00000000c2134eb8,0x00000000c3780000)
 Metaspace       used 25282K, capacity 25678K, committed 25984K, reserved 1071104K
  class space    used 3248K, capacity 3344K, committed 3456K, reserved 1048576K
}
Event: 23.137 GC heap before
{Heap before GC invocations=11 (full 1):
 PSYoungGen      total 137728K, used 137717K [0x00000000eb200000, 0x00000000f7580000, 0x0000000100000000)
  eden space 130048K, 100% used [0x00000000eb200000,0x00000000f3100000,0x00000000f3100000)
  from space 7680K, 99% used [0x00000000f3100000,0x00000000f387d5a8,0x00000000f3880000)
  to   space 9728K, 0% used [0x00000000f6c00000,0x00000000f6c00000,0x00000000f7580000)
 ParOldGen       total 34304K, used 11475K [0x00000000c1600000, 0x00000000c3780000, 0x00000000eb200000)
  object space 34304K, 33% used [0x00000000c1600000,0x00000000c2134eb8,0x00000000c3780000)
 Metaspace       used 32650K, capacity 33042K, committed 33408K, reserved 1079296K
  class space    used 4280K, capacity 4406K, committed 4480K, reserved 1048576K
Event: 23.167 GC heap after
Heap after GC invocations=11 (full 1):
 PSYoungGen      total 185344K, used 9703K [0x00000000eb200000, 0x00000000f7880000, 0x0000000100000000)
  eden space 175616K, 0% used [0x00000000eb200000,0x00000000eb200000,0x00000000f5d80000)
  from space 9728K, 99% used [0x00000000f6c00000,0x00000000f7579d18,0x00000000f7580000)
  to   space 13824K, 0% used [0x00000000f5d80000,0x00000000f5d80000,0x00000000f6b00000)
 ParOldGen       total 34304K, used 19112K [0x00000000c1600000, 0x00000000c3780000, 0x00000000eb200000)
  object space 34304K, 55% used [0x00000000c1600000,0x00000000c28aa0d8,0x00000000c3780000)
 Metaspace       used 32650K, capacity 33042K, committed 33408K, reserved 1079296K
  class space    used 4280K, capacity 4406K, committed 4480K, reserved 1048576K
}
Event: 23.529 GC heap before
{Heap before GC invocations=12 (full 1):
 PSYoungGen      total 185344K, used 34563K [0x00000000eb200000, 0x00000000f7880000, 0x0000000100000000)
  eden space 175616K, 14% used [0x00000000eb200000,0x00000000eca47298,0x00000000f5d80000)
  from space 9728K, 99% used [0x00000000f6c00000,0x00000000f7579d18,0x00000000f7580000)
  to   space 13824K, 0% used [0x00000000f5d80000,0x00000000f5d80000,0x00000000f6b00000)
 ParOldGen       total 34304K, used 19112K [0x00000000c1600000, 0x00000000c3780000, 0x00000000eb200000)
  object space 34304K, 55% used [0x00000000c1600000,0x00000000c28aa0d8,0x00000000c3780000)
 Metaspace       used 34918K, capacity 35282K, committed 35416K, reserved 1079296K
  class space    used 4598K, capacity 4726K, committed 4736K, reserved 1048576K
Event: 23.546 GC heap after
Heap after GC invocations=12 (full 1):
 PSYoungGen      total 189440K, used 2587K [0x00000000eb200000, 0x00000000fbd00000, 0x0000000100000000)
  eden space 175616K, 0% used [0x00000000eb200000,0x00000000eb200000,0x00000000f5d80000)
  from space 13824K, 18% used [0x00000000f5d80000,0x00000000f6006d18,0x00000000f6b00000)
  to   space 13824K, 0% used [0x00000000faf80000,0x00000000faf80000,0x00000000fbd00000)
 ParOldGen       total 34304K, used 28698K [0x00000000c1600000, 0x00000000c3780000, 0x00000000eb200000)
  object space 34304K, 83% used [0x00000000c1600000,0x00000000c32068d0,0x00000000c3780000)
 Metaspace       used 34918K, capacity 35282K, committed 35416K, reserved 1079296K
  class space    used 4598K, capacity 4726K, committed 4736K, reserved 1048576K
}
Event: 23.546 GC heap before
{Heap before GC invocations=13 (full 2):
 PSYoungGen      total 189440K, used 2587K [0x00000000eb200000, 0x00000000fbd00000, 0x0000000100000000)
  eden space 175616K, 0% used [0x00000000eb200000,0x00000000eb200000,0x00000000f5d80000)
  from space 13824K, 18% used [0x00000000f5d80000,0x00000000f6006d18,0x00000000f6b00000)
  to   space 13824K, 0% used [0x00000000faf80000,0x00000000faf80000,0x00000000fbd00000)
 ParOldGen       total 34304K, used 28698K [0x00000000c1600000, 0x00000000c3780000, 0x00000000eb200000)
  object space 34304K, 83% used [0x00000000c1600000,0x00000000c32068d0,0x00000000c3780000)
 Metaspace       used 34918K, capacity 35282K, committed 35416K, reserved 1079296K
  class space    used 4598K, capacity 4726K, committed 4736K, reserved 1048576K
Event: 23.618 GC heap after
Heap after GC invocations=13 (full 2):
 PSYoungGen      total 189440K, used 0K [0x00000000eb200000, 0x00000000fbd00000, 0x0000000100000000)
  eden space 175616K, 0% used [0x00000000eb200000,0x00000000eb200000,0x00000000f5d80000)
  from space 13824K, 0% used [0x00000000f5d80000,0x00000000f5d80000,0x00000000f6b00000)
  to   space 13824K, 0% used [0x00000000faf80000,0x00000000faf80000,0x00000000fbd00000)
 ParOldGen       total 57344K, used 21019K [0x00000000c1600000, 0x00000000c4e00000, 0x00000000eb200000)
  object space 57344K, 36% used [0x00000000c1600000,0x00000000c2a86c80,0x00000000c4e00000)
 Metaspace       used 34918K, capacity 35282K, committed 35416K, reserved 1079296K
  class space    used 4598K, capacity 4726K, committed 4736K, reserved 1048576K
}
Event: 48.991 GC heap before
{Heap before GC invocations=14 (full 2):
 PSYoungGen      total 189440K, used 175616K [0x00000000eb200000, 0x00000000fbd00000, 0x0000000100000000)
  eden space 175616K, 100% used [0x00000000eb200000,0x00000000f5d80000,0x00000000f5d80000)
  from space 13824K, 0% used [0x00000000f5d80000,0x00000000f5d80000,0x00000000f6b00000)
  to   space 13824K, 0% used [0x00000000faf80000,0x00000000faf80000,0x00000000fbd00000)
 ParOldGen       total 57344K, used 21019K [0x00000000c1600000, 0x00000000c4e00000, 0x00000000eb200000)
  object space 57344K, 36% used [0x00000000c1600000,0x00000000c2a86c80,0x00000000c4e00000)
 Metaspace       used 40028K, capacity 40420K, committed 40792K, reserved 1085440K
  class space    used 5295K, capacity 5407K, committed 5504K, reserved 1048576K
Event: 49.021 GC heap after
Heap after GC invocations=14 (full 2):
 PSYoungGen      total 258560K, used 10861K [0x00000000eb200000, 0x00000000fc280000, 0x0000000100000000)
  eden space 244736K, 0% used [0x00000000eb200000,0x00000000eb200000,0x00000000fa100000)
  from space 13824K, 78% used [0x00000000faf80000,0x00000000fba1b6c8,0x00000000fbd00000)
  to   space 14848K, 0% used [0x00000000fa100000,0x00000000fa100000,0x00000000faf80000)
 ParOldGen       total 57344K, used 21027K [0x00000000c1600000, 0x00000000c4e00000, 0x00000000eb200000)
  object space 57344K, 36% used [0x00000000c1600000,0x00000000c2a88c80,0x00000000c4e00000)
 Metaspace       used 40028K, capacity 40420K, committed 40792K, reserved 1085440K
  class space    used 5295K, capacity 5407K, committed 5504K, reserved 1048576K
}

Deoptimization events (0 events):
No events

Classes redefined (0 events):
No events

Internal exceptions (10 events):
Event: 329.955 Thread 0x0000000019548800 Exception <a 'java/lang/reflect/InvocationTargetException'> (0x00000000ef972f40) thrown at [C:\re\workspace\8-2-build-windows-amd64-cygwin\jdk8u181\11358\hotspot\src\share\vm\runtime\reflection.cpp, line 1092]
Event: 329.968 Thread 0x0000000019548800 Exception <a 'java/security/PrivilegedActionException'> (0x00000000ef977a50) thrown at [C:\re\workspace\8-2-build-windows-amd64-cygwin\jdk8u181\11358\hotspot\src\share\vm\prims\jvm.cpp, line 1435]
Event: 329.968 Thread 0x0000000019548800 Exception <a 'java/lang/reflect/InvocationTargetException'> (0x00000000ef977c60) thrown at [C:\re\workspace\8-2-build-windows-amd64-cygwin\jdk8u181\11358\hotspot\src\share\vm\runtime\reflection.cpp, line 1092]
Event: 329.981 Thread 0x0000000019548800 Exception <a 'java/lang/reflect/InvocationTargetException'> (0x00000000ef97ba00) thrown at [C:\re\workspace\8-2-build-windows-amd64-cygwin\jdk8u181\11358\hotspot\src\share\vm\runtime\reflection.cpp, line 1092]
Event: 329.995 Thread 0x0000000019548800 Exception <a 'java/security/PrivilegedActionException'> (0x00000000ef9805e0) thrown at [C:\re\workspace\8-2-build-windows-amd64-cygwin\jdk8u181\11358\hotspot\src\share\vm\prims\jvm.cpp, line 1435]
Event: 329.995 Thread 0x0000000019548800 Exception <a 'java/lang/reflect/InvocationTargetException'> (0x00000000ef9807f0) thrown at [C:\re\workspace\8-2-build-windows-amd64-cygwin\jdk8u181\11358\hotspot\src\share\vm\runtime\reflection.cpp, line 1092]
Event: 330.005 Thread 0x0000000019548800 Exception <a 'java/lang/reflect/InvocationTargetException'> (0x00000000ef984680) thrown at [C:\re\workspace\8-2-build-windows-amd64-cygwin\jdk8u181\11358\hotspot\src\share\vm\runtime\reflection.cpp, line 1092]
Event: 330.017 Thread 0x0000000019548800 Exception <a 'java/security/PrivilegedActionException'> (0x00000000ef9891c8) thrown at [C:\re\workspace\8-2-build-windows-amd64-cygwin\jdk8u181\11358\hotspot\src\share\vm\prims\jvm.cpp, line 1435]
Event: 330.017 Thread 0x0000000019548800 Exception <a 'java/lang/reflect/InvocationTargetException'> (0x00000000ef9893d8) thrown at [C:\re\workspace\8-2-build-windows-amd64-cygwin\jdk8u181\11358\hotspot\src\share\vm\runtime\reflection.cpp, line 1092]
Event: 330.026 Thread 0x0000000019548800 Exception <a 'java/lang/reflect/InvocationTargetException'> (0x00000000ef98d1b8) thrown at [C:\re\workspace\8-2-build-windows-amd64-cygwin\jdk8u181\11358\hotspot\src\share\vm\runtime\reflection.cpp, line 1092]

Events (10 events):
Event: 329.618 loading class javax/management/remote/rmi/RMIConnectionImpl$6 done
Event: 329.625 loading class java/lang/Throwable$PrintStreamOrWriter
Event: 329.625 loading class java/lang/Throwable$PrintStreamOrWriter done
Event: 329.629 Executing VM operation: BulkRevokeBias
Event: 329.633 Executing VM operation: BulkRevokeBias done
Event: 329.695 loading class javax/management/remote/rmi/RMIConnectionImpl$PrivilegedOperation
Event: 329.696 loading class javax/management/remote/rmi/RMIConnectionImpl$PrivilegedOperation done
Event: 329.929 Executing VM operation: BulkRevokeBias
Event: 329.929 Executing VM operation: BulkRevokeBias done
Event: 333.918 Executing VM operation: RedefineClasses


Dynamic libraries:
0x00007ff731800000 - 0x00007ff731837000 	C:\Program Files\Java\jdk1.8.0_181\bin\javaw.exe
0x00007ffadea00000 - 0x00007ffadebe1000 	C:\windows\SYSTEM32\ntdll.dll
0x00007ffaddcb0000 - 0x00007ffaddd62000 	C:\windows\System32\KERNEL32.DLL
0x00007ffadb8d0000 - 0x00007ffadbb43000 	C:\windows\System32\KERNELBASE.dll
0x00007ffadda40000 - 0x00007ffaddae1000 	C:\windows\System32\ADVAPI32.dll
0x00007ffade300000 - 0x00007ffade39e000 	C:\windows\System32\msvcrt.dll
0x00007ffade2a0000 - 0x00007ffade2fb000 	C:\windows\System32\sechost.dll
0x00007ffaddff0000 - 0x00007ffade114000 	C:\windows\System32\RPCRT4.dll
0x00007ffaddaf0000 - 0x00007ffaddc80000 	C:\windows\System32\USER32.dll
0x00007ffadb790000 - 0x00007ffadb7b0000 	C:\windows\System32\win32u.dll
0x00007ffadd940000 - 0x00007ffadd968000 	C:\windows\System32\GDI32.dll
0x00007ffadb590000 - 0x00007ffadb722000 	C:\windows\System32\gdi32full.dll
0x00007ffadb7b0000 - 0x00007ffadb84f000 	C:\windows\System32\msvcp_win.dll
0x00007ffadbd90000 - 0x00007ffadbe8a000 	C:\windows\System32\ucrtbase.dll
0x00007ffac7220000 - 0x00007ffac7489000 	C:\windows\WinSxS\amd64_microsoft.windows.common-controls_6595b64144ccf1df_6.0.17134.471_none_fb3e9aab3068fc16\COMCTL32.dll
0x00007ffade6a0000 - 0x00007ffade9c2000 	C:\windows\System32\combase.dll
0x00007ffadb850000 - 0x00007ffadb8ca000 	C:\windows\System32\bcryptPrimitives.dll
0x00007ffaddc80000 - 0x00007ffaddcad000 	C:\windows\System32\IMM32.DLL
0x000000005cb20000 - 0x000000005cbf2000 	C:\Program Files\Java\jdk1.8.0_181\jre\bin\msvcr100.dll
0x000000005c270000 - 0x000000005cb12000 	C:\Program Files\Java\jdk1.8.0_181\jre\bin\server\jvm.dll
0x00007ffadd930000 - 0x00007ffadd938000 	C:\windows\System32\PSAPI.DLL
0x00007ffacf810000 - 0x00007ffacf81a000 	C:\windows\SYSTEM32\VERSION.dll
0x00007ffad6f90000 - 0x00007ffad6fb3000 	C:\windows\SYSTEM32\WINMM.dll
0x00007ffad6dd0000 - 0x00007ffad6dfa000 	C:\windows\SYSTEM32\WINMMBASE.dll
0x00007ffadbb50000 - 0x00007ffadbb99000 	C:\windows\System32\cfgmgr32.dll
0x00007ffac3560000 - 0x00007ffac3569000 	C:\windows\SYSTEM32\WSOCK32.dll
0x00007ffaddd70000 - 0x00007ffaddddc000 	C:\windows\System32\WS2_32.dll
0x000000005c260000 - 0x000000005c26f000 	C:\Program Files\Java\jdk1.8.0_181\jre\bin\verify.dll
0x000000005c230000 - 0x000000005c259000 	C:\Program Files\Java\jdk1.8.0_181\jre\bin\java.dll
0x000000005b960000 - 0x000000005b995000 	C:\Program Files\Java\jdk1.8.0_181\jre\bin\jdwp.dll
0x000000005b950000 - 0x000000005b958000 	C:\Program Files\Java\jdk1.8.0_181\jre\bin\npt.dll
0x000000005c210000 - 0x000000005c226000 	C:\Program Files\Java\jdk1.8.0_181\jre\bin\zip.dll
0x00007ffadbea0000 - 0x00007ffadd2e0000 	C:\windows\System32\SHELL32.dll
0x00007ffaddf40000 - 0x00007ffaddfe9000 	C:\windows\System32\shcore.dll
0x00007ffadadd0000 - 0x00007ffadb4dd000 	C:\windows\System32\windows.storage.dll
0x00007ffaddde0000 - 0x00007ffadde31000 	C:\windows\System32\shlwapi.dll
0x00007ffadad10000 - 0x00007ffadad21000 	C:\windows\System32\kernel.appcore.dll
0x00007ffadad30000 - 0x00007ffadad4f000 	C:\windows\System32\profapi.dll
0x00007ffadad50000 - 0x00007ffadad9c000 	C:\windows\System32\powrprof.dll
0x00007ffadadc0000 - 0x00007ffadadca000 	C:\windows\System32\FLTLIB.DLL
0x000000005b940000 - 0x000000005b949000 	C:\Program Files\Java\jdk1.8.0_181\jre\bin\dt_socket.dll
0x00007ffac1150000 - 0x00007ffac1166000 	C:\windows\system32\napinsp.dll
0x00007ffac1130000 - 0x00007ffac114a000 	C:\windows\system32\pnrpnsp.dll
0x00007ffad7960000 - 0x00007ffad7979000 	C:\windows\system32\NLAapi.dll
0x00007ffada590000 - 0x00007ffada5f6000 	C:\windows\System32\mswsock.dll
0x00007ffada350000 - 0x00007ffada40e000 	C:\windows\SYSTEM32\DNSAPI.dll
0x00007ffadbe90000 - 0x00007ffadbe98000 	C:\windows\System32\NSI.dll
0x00007ffada310000 - 0x00007ffada348000 	C:\windows\SYSTEM32\IPHLPAPI.DLL
0x00007ffac1120000 - 0x00007ffac112e000 	C:\windows\System32\winrnr.dll
0x00007ffad2aa0000 - 0x00007ffad2ab5000 	C:\windows\System32\wshbth.dll
0x00007ffad7120000 - 0x00007ffad7192000 	C:\windows\System32\fwpuclnt.dll
0x00007ffada870000 - 0x00007ffada895000 	C:\windows\SYSTEM32\bcrypt.dll
0x00007ffad1840000 - 0x00007ffad184a000 	C:\Windows\System32\rasadhlp.dll
0x000000005c130000 - 0x000000005c13d000 	C:\Program Files\Java\jdk1.8.0_181\jre\bin\management.dll
0x000000005c1a0000 - 0x000000005c1ba000 	C:\Program Files\Java\jdk1.8.0_181\jre\bin\net.dll
0x000000005c180000 - 0x000000005c191000 	C:\Program Files\Java\jdk1.8.0_181\jre\bin\nio.dll
0x00007ffada740000 - 0x00007ffada757000 	C:\windows\SYSTEM32\CRYPTSP.dll
0x00007ffada170000 - 0x00007ffada1a3000 	C:\windows\system32\rsaenh.dll
0x00007ffadac40000 - 0x00007ffadac68000 	C:\windows\SYSTEM32\USERENV.dll
0x00007ffada760000 - 0x00007ffada76b000 	C:\windows\SYSTEM32\CRYPTBASE.dll
0x00007ffad6690000 - 0x00007ffad66a6000 	C:\windows\SYSTEM32\dhcpcsvc6.DLL
0x00007ffad6530000 - 0x00007ffad654a000 	C:\windows\SYSTEM32\dhcpcsvc.DLL
0x00007ffac7510000 - 0x00007ffac76d9000 	C:\windows\SYSTEM32\dbghelp.dll

VM Arguments:
jvm_args: -agentlib:jdwp=transport=dt_socket,suspend=y,address=localhost:54822 -Dcom.sun.management.jmxremote -Dcom.sun.management.jmxremote.port=54821 -Dcom.sun.management.jmxremote.authenticate=false -Dcom.sun.management.jmxremote.ssl=false -Djava.rmi.server.hostname=localhost -Dspring.application.admin.enabled=true -Xverify:none -XX:TieredStopAtLevel=1 -Dfile.encoding=UTF-8 
java_command: com.cva.CvaApplication --spring.output.ansi.enabled=always
java_class_path (initial): C:\cva\CvaServer\target\classes;C:\Users\amohanty\.m2\repository\org\springframework\boot\spring-boot-starter-web\1.5.8.RELEASE\spring-boot-starter-web-1.5.8.RELEASE.jar;C:\Users\amohanty\.m2\repository\org\springframework\boot\spring-boot-starter\1.5.8.RELEASE\spring-boot-starter-1.5.8.RELEASE.jar;C:\Users\amohanty\.m2\repository\org\springframework\boot\spring-boot-starter-logging\1.5.8.RELEASE\spring-boot-starter-logging-1.5.8.RELEASE.jar;C:\Users\amohanty\.m2\repository\ch\qos\logback\logback-classic\1.1.11\logback-classic-1.1.11.jar;C:\Users\amohanty\.m2\repository\ch\qos\logback\logback-core\1.1.11\logback-core-1.1.11.jar;C:\Users\amohanty\.m2\repository\org\slf4j\jul-to-slf4j\1.7.25\jul-to-slf4j-1.7.25.jar;C:\Users\amohanty\.m2\repository\org\slf4j\log4j-over-slf4j\1.7.25\log4j-over-slf4j-1.7.25.jar;C:\Users\amohanty\.m2\repository\org\yaml\snakeyaml\1.17\snakeyaml-1.17.jar;C:\Users\amohanty\.m2\repository\org\hibernate\hibernate-validator\5.3.5.Final\hibernate-validator-5.3.5.Final.jar;C:\Users\amohanty\.m2\repository\javax\validation\validation-api\1.1.0.Final\validation-api-1.1.0.Final.jar;C:\Users\amohanty\.m2\repository\org\jboss\logging\jboss-logging\3.3.1.Final\jboss-logging-3.3.1.Final.jar;C:\Users\amohanty\.m2\repository\com\fasterxml\classmate\1.3.4\classmate-1.3.4.jar;C:\Users\amohanty\.m2\repository\com\fasterxml\jackson\core\jackson-databind\2.8.10\jackson-databind-2.8.10.jar;C:\Users\amohanty\.m2\repository\com\fasterxml\jackson\core\jackson-annotations\2.8.0\jackson-annotations-2.8.0.jar;C:\Users\amohanty\.m2\repository\com\fasterxml\jackson\core\jackson-core\2.8.10\jackson-core-2.8.10.jar;C:\Users\amohanty\.m2\repository\org\springframework\spring-web\4.3.12.RELEASE\spring-web-4.3.12.RELEASE.jar;C:\Users\amohanty\.m2\repository\org\springframework\spring-aop\4.3.12.RELEASE\spring-aop-4.3.12.RELEASE.jar;C:\Users\amohanty\.m2\repository\org\springframework\spring-context\4.3.12.RELEASE\spring-context-4.3.12.RELEASE.j
Launcher Type: SUN_STANDARD

Environment Variables:
JAVA_HOME=C:\Program Files\Java\jdk1.8.0_181
PATH=C:\Program Files\Java\jdk1.8.0_181\jre\bin;C:/Program Files/Java/jdk1.8.0_181/bin/../jre/bin/server;C:/Program Files/Java/jdk1.8.0_181/bin/../jre/bin;C:/Program Files/Java/jdk1.8.0_181/bin/../jre/lib/amd64;C:\Program Files\Java\jdk1.8.0_181\bin;C:\Program Files\nodejs\;C:\Program Files\Microsoft VS Code\bin;C:\Program Files\Git\cmd;C:\Python27;C:\Users\amohanty\Downloads\apache-maven-3.5.4\bin;C:\Program Files (x86)\Windows Live\Shared;C:\Program Files\PostgreSQL\10\bin;C:\Program Files\PostgreSQL\10\lib;C:\Users\amohanty\AppData\Local\Microsoft\WindowsApps;C:\Users\amohanty\AppData\Roaming\npm;C:\Users\amohanty\Downloads\Compressed\sts-4.0.1.RELEASE;
USERNAME=amohanty
OS=Windows_NT
PROCESSOR_IDENTIFIER=Intel64 Family 6 Model 42 Stepping 7, GenuineIntel



---------------  S Y S T E M  ---------------

OS: Windows 10.0 , 64 bit Build 17134 (10.0.17134.1)

CPU:total 4 (initial active 4) (2 cores per cpu, 2 threads per core) family 6 model 42 stepping 7, cmov, cx8, fxsr, mmx, sse, sse2, sse3, ssse3, sse4.1, sse4.2, popcnt, avx, aes, clmul, ht, tsc, tscinvbit

Memory: 4k page, physical 4102492k(445032k free), swap 15246068k(1684024k free)

vm_info: Java HotSpot(TM) 64-Bit Server VM (25.181-b13) for windows-amd64 JRE (1.8.0_181-b13), built on Jul  7 2018 04:01:33 by "java_re" with MS VC++ 10.0 (VS2010)

time: Thu Jan 10 23:19:07 2019
elapsed time: 334 seconds (0d 0h 5m 34s)

